# JRE version: OpenJDK Runtime Environment (11.0.13) (build 11.0.13+0-b1751.21-8125866)
# Java VM: OpenJDK 64-Bit Server VM (11.0.13+0-b1751.21-8125866, mixed mode, tiered, compressed oops, g1 gc, windows-amd64)
Heap:
 garbage-first heap   total 282624K, used 213564K [0x00000000a0000000, 0x0000000100000000)
  region size 1024K, 101 young (103424K), 5 survivors (5120K)
 Metaspace       used 107266K, capacity 110466K, committed 110852K, reserved 1144832K
  class space    used 13839K, capacity 15005K, committed 15180K, reserved 1048576K
GC Heap History (20 events):
Event: 17.235 GC heap before
{Heap before GC invocations=12 (full 0):
 garbage-first heap   total 260096K, used 188029K [0x00000000a0000000, 0x0000000100000000)
  region size 1024K, 134 young (137216K), 14 survivors (14336K)
 Metaspace       used 77671K, capacity 79826K, committed 80084K, reserved 1118208K
  class space    used 10136K, capacity 10939K, committed 10956K, reserved 1048576K
}
Event: 17.246 GC heap after
{Heap after GC invocations=13 (full 0):
 garbage-first heap   total 260096K, used 73562K [0x00000000a0000000, 0x0000000100000000)
  region size 1024K, 15 young (15360K), 15 survivors (15360K)
 Metaspace       used 77671K, capacity 79826K, committed 80084K, reserved 1118208K
  class space    used 10136K, capacity 10939K, committed 10956K, reserved 1048576K
}
Event: 20.795 GC heap before
{Heap before GC invocations=13 (full 0):
 garbage-first heap   total 260096K, used 195418K [0x00000000a0000000, 0x0000000100000000)
  region size 1024K, 133 young (136192K), 15 survivors (15360K)
 Metaspace       used 83873K, capacity 86321K, committed 86484K, reserved 1124352K
  class space    used 11023K, capacity 11940K, committed 11980K, reserved 1048576K
}
Event: 20.807 GC heap after
{Heap after GC invocations=14 (full 0):
 garbage-first heap   total 260096K, used 87767K [0x00000000a0000000, 0x0000000100000000)
  region size 1024K, 17 young (17408K), 17 survivors (17408K)
 Metaspace       used 83873K, capacity 86321K, committed 86484K, reserved 1124352K
  class space    used 11023K, capacity 11940K, committed 11980K, reserved 1048576K
}
Event: 21.961 GC heap before
{Heap before GC invocations=14 (full 0):
 garbage-first heap   total 260096K, used 196311K [0x00000000a0000000, 0x0000000100000000)
  region size 1024K, 124 young (126976K), 17 survivors (17408K)
 Metaspace       used 91415K, capacity 94105K, committed 94292K, reserved 1130496K
  class space    used 12042K, capacity 13053K, committed 13132K, reserved 1048576K
}
Event: 21.975 GC heap after
{Heap after GC invocations=15 (full 0):
 garbage-first heap   total 260096K, used 100571K [0x00000000a0000000, 0x0000000100000000)
  region size 1024K, 12 young (12288K), 12 survivors (12288K)
 Metaspace       used 91415K, capacity 94105K, committed 94292K, reserved 1130496K
  class space    used 12042K, capacity 13053K, committed 13132K, reserved 1048576K
}
Event: 29.380 GC heap before
{Heap before GC invocations=15 (full 0):
 garbage-first heap   total 260096K, used 199899K [0x00000000a0000000, 0x0000000100000000)
  region size 1024K, 110 young (112640K), 12 survivors (12288K)
 Metaspace       used 96435K, capacity 99523K, committed 99668K, reserved 1134592K
  class space    used 12676K, capacity 13806K, committed 13900K, reserved 1048576K
}
Event: 29.391 GC heap after
{Heap after GC invocations=16 (full 0):
 garbage-first heap   total 260096K, used 105298K [0x00000000a0000000, 0x0000000100000000)
  region size 1024K, 6 young (6144K), 6 survivors (6144K)
 Metaspace       used 96435K, capacity 99523K, committed 99668K, reserved 1134592K
  class space    used 12676K, capacity 13806K, committed 13900K, reserved 1048576K
}
Event: 29.509 GC heap before
{Heap before GC invocations=16 (full 0):
 garbage-first heap   total 260096K, used 125778K [0x00000000a0000000, 0x0000000100000000)
  region size 1024K, 27 young (27648K), 6 survivors (6144K)
 Metaspace       used 97857K, capacity 100931K, committed 101048K, reserved 1136640K
  class space    used 12870K, capacity 13998K, committed 14028K, reserved 1048576K
}
Event: 29.514 GC heap after
{Heap after GC invocations=17 (full 0):
 garbage-first heap   total 260096K, used 105096K [0x00000000a0000000, 0x0000000100000000)
  region size 1024K, 6 young (6144K), 6 survivors (6144K)
 Metaspace       used 97857K, capacity 100931K, committed 101048K, reserved 1136640K
  class space    used 12870K, capacity 13998K, committed 14028K, reserved 1048576K
}
Event: 29.987 GC heap before
{Heap before GC invocations=18 (full 0):
 garbage-first heap   total 260096K, used 153224K [0x00000000a0000000, 0x0000000100000000)
  region size 1024K, 55 young (56320K), 6 survivors (6144K)
 Metaspace       used 100293K, capacity 103324K, committed 103556K, reserved 1138688K
  class space    used 13139K, capacity 14228K, committed 14284K, reserved 1048576K
}
Event: 29.997 GC heap after
{Heap after GC invocations=19 (full 0):
 garbage-first heap   total 260096K, used 108380K [0x00000000a0000000, 0x0000000100000000)
  region size 1024K, 9 young (9216K), 9 survivors (9216K)
 Metaspace       used 100293K, capacity 103324K, committed 103556K, reserved 1138688K
  class space    used 13139K, capacity 14228K, committed 14284K, reserved 1048576K
}
Event: 31.368 GC heap before
{Heap before GC invocations=20 (full 0):
 garbage-first heap   total 260096K, used 258908K [0x00000000a0000000, 0x0000000100000000)
  region size 1024K, 73 young (74752K), 9 survivors (9216K)
 Metaspace       used 103355K, capacity 106456K, committed 106500K, reserved 1140736K
  class space    used 13453K, capacity 14625K, committed 14668K, reserved 1048576K
}
Event: 31.377 GC heap after
{Heap after GC invocations=21 (full 0):
 garbage-first heap   total 273408K, used 112276K [0x00000000a0000000, 0x0000000100000000)
  region size 1024K, 8 young (8192K), 8 survivors (8192K)
 Metaspace       used 103355K, capacity 106456K, committed 106500K, reserved 1140736K
  class space    used 13453K, capacity 14625K, committed 14668K, reserved 1048576K
}
Event: 32.142 GC heap before
{Heap before GC invocations=21 (full 0):
 garbage-first heap   total 273408K, used 186004K [0x00000000a0000000, 0x0000000100000000)
  region size 1024K, 64 young (65536K), 8 survivors (8192K)
 Metaspace       used 106312K, capacity 109508K, committed 109700K, reserved 1144832K
  class space    used 13809K, capacity 15012K, committed 15052K, reserved 1048576K
}
Event: 32.149 GC heap after
{Heap after GC invocations=22 (full 0):
 garbage-first heap   total 273408K, used 134785K [0x00000000a0000000, 0x0000000100000000)
  region size 1024K, 8 young (8192K), 8 survivors (8192K)
 Metaspace       used 106312K, capacity 109508K, committed 109700K, reserved 1144832K
  class space    used 13809K, capacity 15012K, committed 15052K, reserved 1048576K
}
Event: 594.017 GC heap before
{Heap before GC invocations=23 (full 0):
 garbage-first heap   total 273408K, used 273025K [0x00000000a0000000, 0x0000000100000000)
  region size 1024K, 51 young (52224K), 8 survivors (8192K)
 Metaspace       used 106896K, capacity 109997K, committed 110340K, reserved 1144832K
  class space    used 13831K, capacity 14991K, committed 15180K, reserved 1048576K
}
Event: 594.024 GC heap after
{Heap after GC invocations=24 (full 0):
 garbage-first heap   total 282624K, used 116583K [0x00000000a0000000, 0x0000000100000000)
  region size 1024K, 5 young (5120K), 5 survivors (5120K)
 Metaspace       used 106896K, capacity 109997K, committed 110340K, reserved 1144832K
  class space    used 13831K, capacity 14991K, committed 15180K, reserved 1048576K
}
Event: 4145.615 GC heap before
{Heap before GC invocations=24 (full 0):
 garbage-first heap   total 282624K, used 212839K [0x00000000a0000000, 0x0000000100000000)
  region size 1024K, 99 young (101376K), 5 survivors (5120K)
 Metaspace       used 107099K, capacity 110264K, committed 110596K, reserved 1144832K
  class space    used 13833K, capacity 14994K, committed 15180K, reserved 1048576K
}
Event: 4145.624 GC heap after
{Heap after GC invocations=25 (full 0):
 garbage-first heap   total 282624K, used 116284K [0x00000000a0000000, 0x0000000100000000)
  region size 1024K, 5 young (5120K), 5 survivors (5120K)
 Metaspace       used 107099K, capacity 110264K, committed 110596K, reserved 1144832K
  class space    used 13833K, capacity 14994K, committed 15180K, reserved 1048576K
}

